<?xml version="1.0" encoding="UTF-8"?>
<testng-results skipped="0" failed="0" ignored="0" total="1" passed="1">
  <reporter-output>
  </reporter-output>
  <suite name="Suite" duration-ms="12029" started-at="2019-09-04T16:19:55Z" finished-at="2019-09-04T16:20:07Z">
    <groups>
      <group name="cucumber">
        <method signature="AbstractTestNGCucumberTests.feature(cucumber.api.testng.CucumberFeatureWrapper)[pri:0, instance:com.openweather.automation.testrunner.TestRunner@69ea3742]" name="feature" class="cucumber.api.testng.AbstractTestNGCucumberTests"/>
      </group> <!-- cucumber -->
    </groups>
    <test name="Open Weather Test Automation" duration-ms="12029" started-at="2019-09-04T16:19:55Z" finished-at="2019-09-04T16:20:07Z">
      <class name="com.openweather.automation.testrunner.TestRunner">
        <test-method status="PASS" signature="setUpClass()[pri:0, instance:com.openweather.automation.testrunner.TestRunner@69ea3742]" name="setUpClass" is-config="true" duration-ms="460" started-at="2019-09-04T16:19:55Z" finished-at="2019-09-04T16:19:56Z">
          <reporter-output>
          </reporter-output>
        </test-method> <!-- setUpClass -->
        <test-method status="PASS" signature="feature(cucumber.api.testng.CucumberFeatureWrapper)[pri:0, instance:com.openweather.automation.testrunner.TestRunner@69ea3742]" name="feature" duration-ms="10907" started-at="2019-09-04T16:19:56Z" description="Runs Cucumber Feature" data-provider="features" finished-at="2019-09-04T16:20:07Z">
          <params>
            <param index="0">
              <value>
                <![CDATA[To perform end to end Tests on Open Weather Home page]]>
              </value>
            </param>
          </params>
          <reporter-output>
          </reporter-output>
        </test-method> <!-- feature -->
        <test-method status="PASS" signature="tearDownClass()[pri:0, instance:com.openweather.automation.testrunner.TestRunner@69ea3742]" name="tearDownClass" is-config="true" duration-ms="17" started-at="2019-09-04T16:20:07Z" finished-at="2019-09-04T16:20:07Z">
          <reporter-output>
          </reporter-output>
        </test-method> <!-- tearDownClass -->
      </class> <!-- com.openweather.automation.testrunner.TestRunner -->
    </test> <!-- Open Weather Test Automation -->
  </suite> <!-- Suite -->
</testng-results>
